<?xml version="1.0" encoding="UTF-8"?>
<!-- Generated by org.testng.reporters.JUnitReportReporter -->
<testsuite skipped="0" hostname="DESKTOP-MD8AK54" name="testcases.CreateOneProduct" tests="2" failures="0" timestamp="21 Mar 2022 01:09:14 GMT" time="3.835" errors="0">
  <testcase name="createoneproduct" time="2.920" classname="testcases.CreateOneProduct"/>
  <testcase name="readoneproduct" time="0.915" classname="testcases.CreateOneProduct"/>
</testsuite> <!-- testcases.CreateOneProduct -->
