<?xml version="1.0" encoding="UTF-8"?>
<!-- Generated by org.testng.reporters.JUnitReportReporter -->
<testsuite skipped="0" hostname="DESKTOP-MD8AK54" name="testcases.UpdateOneProduct" tests="1" failures="0" timestamp="21 Mar 2022 01:31:50 GMT" time="3.142" errors="0">
  <testcase name="updateoneproduct" time="3.142" classname="testcases.UpdateOneProduct"/>
</testsuite> <!-- testcases.UpdateOneProduct -->
