<?xml version="1.0" encoding="UTF-8"?>
<!-- Generated by org.testng.reporters.JUnitReportReporter -->
<testsuite skipped="0" hostname="DESKTOP-MD8AK54" name="testcases.ReadAllProducts" tests="1" failures="0" timestamp="21 Mar 2022 01:00:24 GMT" time="12.784" errors="0">
  <testcase name="readallproducts" time="12.784" classname="testcases.ReadAllProducts"/>
</testsuite> <!-- testcases.ReadAllProducts -->
