<?xml version="1.0" encoding="UTF-8"?>
<!-- Generated by org.testng.reporters.JUnitReportReporter -->
<testsuite skipped="0" hostname="DESKTOP-MD8AK54" name="testcases.DeleteOneProduct" tests="1" failures="0" timestamp="27 Mar 2022 22:34:48 GMT" time="0.768" errors="0">
  <testcase name="deleteoneproduct" time="0.768" classname="testcases.DeleteOneProduct"/>
</testsuite> <!-- testcases.DeleteOneProduct -->
